<?xml version="1.0" encoding="UTF-8"?>
<!-- Generated by org.testng.reporters.JUnitReportReporter -->
<testsuite hostname="CBT-032" name="demo.TestA" tests="1" failures="0" timestamp="6 Aug 2016 10:20:35 GMT" time="22.013" errors="0">
  <testcase name="testTestA" time="22.013" classname="demo.TestA"/>
</testsuite> <!-- demo.TestA -->
